[INFO] [TIME_TODO] Listening on port: 8080
[INFO] [TIME_TODO] Running WorkerThread
[INFO] [TIME_TODO] Client Connected: 5
[INFO] [TIME_TODO] Reading HTTPRequest(5)
[INFO] [TIME_TODO] Received CQE!
[INFO] [TIME_TODO] READ_REQUEST_LINE: 697
[INFO] [TIME_TODO] Handling HTTP Request: GET /static/index.html HTTP/1.1
Host: localhost:8080
Connection: keep-alive
Cache-Control: max-age=0
sec-ch-ua: "Not_A Brand";v="8", "Chromium";v="120", "Google Chrome";v="120"
sec-ch-ua-mobile: ?0
sec-ch-ua-platform: "Linux"
Upgrade-Insecure-Requests: 1
User-Agent: Mozilla/5.0 (X11; Linux x86_64) AppleWebKit/537.36 (KHTML, like Gecko) Chrome/120.0.0.0 Safari/537.36
Accept: text/html,application/xhtml+xml,application/xml;q=0.9,image/avif,image/webp,image/apng,*/*;q=0.8,application/signed-exchange;v=b3;q=0.7
Sec-Fetch-Site: none
Sec-Fetch-Mode: navigate
Sec-Fetch-User: ?1
Sec-Fetch-Dest: document
Accept-Encoding: gzip, deflate, br
Accept-Language: en-US,en;q=0.9,pt;q=0.8


[INFO] [TIME_TODO] Client Connected: 7
[INFO] [TIME_TODO] Writing out file!
[INFO] [TIME_TODO] Writing Http Response (5): 
HTTP/1.1 200 OK
Content-Length: 61


[INFO] [TIME_TODO] Writing File: 8 (61) to Socket: 5
[INFO] [TIME_TODO] File written out: 8 => 61!
[INFO] [TIME_TODO] Received CQE!
[INFO] [TIME_TODO] WRITTEN_FILE_RESPONSE
[INFO] [TIME_TODO] Received CQE!
[INFO] [TIME_TODO] WRITTEN_FILE_RESPONSE
[INFO] [TIME_TODO] Received CQE!
[INFO] [TIME_TODO] WRITTEN_FILE_RESPONSE
[INFO] [TIME_TODO] Reading HTTPRequest(7)
[INFO] [TIME_TODO] Received CQE!
[INFO] [TIME_TODO] READ_REQUEST_LINE: 597
[INFO] [TIME_TODO] Handling HTTP Request: GET /favicon.ico HTTP/1.1
Host: localhost:8080
Connection: keep-alive
sec-ch-ua: "Not_A Brand";v="8", "Chromium";v="120", "Google Chrome";v="120"
sec-ch-ua-mobile: ?0
User-Agent: Mozilla/5.0 (X11; Linux x86_64) AppleWebKit/537.36 (KHTML, like Gecko) Chrome/120.0.0.0 Safari/537.36
sec-ch-ua-platform: "Linux"
Accept: image/avif,image/webp,image/apng,image/svg+xml,image/*,*/*;q=0.8
Sec-Fetch-Site: same-origin
Sec-Fetch-Mode: no-cors
Sec-Fetch-Dest: image
Referer: http://localhost:8080/static/index.html
Accept-Encoding: gzip, deflate, br
Accept-Language: en-US,en;q=0.9,pt;q=0.8


[INFO] [TIME_TODO] Get request for: /favicon.ico
[ERROR] [TIME_TODO] HTTP Request Bad Status ERROR_UNSUPPORTED_METHOD
[INFO] [TIME_TODO] Writing Http Response (7): 
HTTP/1.1 500 Internal Server Error
Content-Length: 27

Error handling the request.
[INFO] [TIME_TODO] Received CQE!
[INFO] [TIME_TODO] WRITTEN_HTTP_RESPONSE
[INFO] [TIME_TODO] Client Connected: 5
[INFO] [TIME_TODO] Reading HTTPRequest(5)
[INFO] [TIME_TODO] Received CQE!
[INFO] [TIME_TODO] READ_REQUEST_LINE: 697
[INFO] [TIME_TODO] Handling HTTP Request: GET /static/index.html HTTP/1.1
Host: localhost:8080
Connection: keep-alive
Cache-Control: max-age=0
sec-ch-ua: "Not_A Brand";v="8", "Chromium";v="120", "Google Chrome";v="120"
sec-ch-ua-mobile: ?0
sec-ch-ua-platform: "Linux"
Upgrade-Insecure-Requests: 1
User-Agent: Mozilla/5.0 (X11; Linux x86_64) AppleWebKit/537.36 (KHTML, like Gecko) Chrome/120.0.0.0 Safari/537.36
Accept: text/html,application/xhtml+xml,application/xml;q=0.9,image/avif,image/webp,image/apng,*/*;q=0.8,application/signed-exchange;v=b3;q=0.7
Sec-Fetch-Site: none
Sec-Fetch-Mode: navigate
Sec-Fetch-User: ?1
Sec-Fetch-Dest: document
Accept-Encoding: gzip, deflate, br
Accept-Language: en-US,en;q=0.9,pt;q=0.8


[INFO] [TIME_TODO] Writing out file!
[INFO] [TIME_TODO] Writing Http Response (5): 
HTTP/1.1 200 OK
Content-Length: 61


[INFO] [TIME_TODO] Writing File: 7 (61) to Socket: 5
[INFO] [TIME_TODO] Client Connected: 8
[INFO] [TIME_TODO] File written out: 7 => 61!
[INFO] [TIME_TODO] Received CQE!
[INFO] [TIME_TODO] WRITTEN_FILE_RESPONSE
[INFO] [TIME_TODO] Received CQE!
[INFO] [TIME_TODO] WRITTEN_FILE_RESPONSE
[INFO] [TIME_TODO] Received CQE!
[INFO] [TIME_TODO] WRITTEN_FILE_RESPONSE
[INFO] [TIME_TODO] Reading HTTPRequest(8)
[INFO] [TIME_TODO] Received CQE!
[INFO] [TIME_TODO] READ_REQUEST_LINE: 597
[INFO] [TIME_TODO] Handling HTTP Request: GET /favicon.ico HTTP/1.1
Host: localhost:8080
Connection: keep-alive
sec-ch-ua: "Not_A Brand";v="8", "Chromium";v="120", "Google Chrome";v="120"
sec-ch-ua-mobile: ?0
User-Agent: Mozilla/5.0 (X11; Linux x86_64) AppleWebKit/537.36 (KHTML, like Gecko) Chrome/120.0.0.0 Safari/537.36
sec-ch-ua-platform: "Linux"
Accept: image/avif,image/webp,image/apng,image/svg+xml,image/*,*/*;q=0.8
Sec-Fetch-Site: same-origin
Sec-Fetch-Mode: no-cors
Sec-Fetch-Dest: image
Referer: http://localhost:8080/static/index.html
Accept-Encoding: gzip, deflate, br
Accept-Language: en-US,en;q=0.9,pt;q=0.8


[INFO] [TIME_TODO] Get request for: /favicon.ico
[ERROR] [TIME_TODO] HTTP Request Bad Status ERROR_UNSUPPORTED_METHOD
[INFO] [TIME_TODO] Writing Http Response (8): 
HTTP/1.1 500 Internal Server Error
Content-Length: 27

Error handling the request.
[INFO] [TIME_TODO] Received CQE!
[INFO] [TIME_TODO] WRITTEN_HTTP_RESPONSE
[INFO] [TIME_TODO] Client Connected: 5
[INFO] [TIME_TODO] Reading HTTPRequest(5)
[INFO] [TIME_TODO] Received CQE!
[INFO] [TIME_TODO] READ_REQUEST_LINE: 697
[INFO] [TIME_TODO] Handling HTTP Request: GET /static/index.html HTTP/1.1
Host: localhost:8080
Connection: keep-alive
Cache-Control: max-age=0
sec-ch-ua: "Not_A Brand";v="8", "Chromium";v="120", "Google Chrome";v="120"
sec-ch-ua-mobile: ?0
sec-ch-ua-platform: "Linux"
Upgrade-Insecure-Requests: 1
User-Agent: Mozilla/5.0 (X11; Linux x86_64) AppleWebKit/537.36 (KHTML, like Gecko) Chrome/120.0.0.0 Safari/537.36
Accept: text/html,application/xhtml+xml,application/xml;q=0.9,image/avif,image/webp,image/apng,*/*;q=0.8,application/signed-exchange;v=b3;q=0.7
Sec-Fetch-Site: none
Sec-Fetch-Mode: navigate
Sec-Fetch-User: ?1
Sec-Fetch-Dest: document
Accept-Encoding: gzip, deflate, br
Accept-Language: en-US,en;q=0.9,pt;q=0.8


[INFO] [TIME_TODO] Writing out file!
[INFO] [TIME_TODO] Writing Http Response (5): 
HTTP/1.1 200 OK
Content-Length: 61


[INFO] [TIME_TODO] Writing File: 7 (61) to Socket: 5
[INFO] [TIME_TODO] File written out: 7 => 61!
[INFO] [TIME_TODO] Received CQE!
[INFO] [TIME_TODO] WRITTEN_FILE_RESPONSE
[INFO] [TIME_TODO] Received CQE!
[INFO] [TIME_TODO] WRITTEN_FILE_RESPONSE
[INFO] [TIME_TODO] Received CQE!
[INFO] [TIME_TODO] WRITTEN_FILE_RESPONSE
[INFO] [TIME_TODO] Client Connected: 5
[INFO] [TIME_TODO] Reading HTTPRequest(5)
[INFO] [TIME_TODO] Received CQE!
[INFO] [TIME_TODO] READ_REQUEST_LINE: 597
[INFO] [TIME_TODO] Handling HTTP Request: GET /favicon.ico HTTP/1.1
Host: localhost:8080
Connection: keep-alive
sec-ch-ua: "Not_A Brand";v="8", "Chromium";v="120", "Google Chrome";v="120"
sec-ch-ua-mobile: ?0
User-Agent: Mozilla/5.0 (X11; Linux x86_64) AppleWebKit/537.36 (KHTML, like Gecko) Chrome/120.0.0.0 Safari/537.36
sec-ch-ua-platform: "Linux"
Accept: image/avif,image/webp,image/apng,image/svg+xml,image/*,*/*;q=0.8
Sec-Fetch-Site: same-origin
Sec-Fetch-Mode: no-cors
Sec-Fetch-Dest: image
Referer: http://localhost:8080/static/index.html
Accept-Encoding: gzip, deflate, br
Accept-Language: en-US,en;q=0.9,pt;q=0.8


[INFO] [TIME_TODO] Get request for: /favicon.ico
[ERROR] [TIME_TODO] HTTP Request Bad Status ERROR_UNSUPPORTED_METHOD
[INFO] [TIME_TODO] Writing Http Response (5): 
HTTP/1.1 500 Internal Server Error
Content-Length: 27

Error handling the request.
[INFO] [TIME_TODO] Received CQE!
[INFO] [TIME_TODO] WRITTEN_HTTP_RESPONSE
[INFO] [TIME_TODO] Client Connected: 5
[INFO] [TIME_TODO] Reading HTTPRequest(5)
[INFO] [TIME_TODO] Received CQE!
[INFO] [TIME_TODO] READ_REQUEST_LINE: 697
[INFO] [TIME_TODO] Handling HTTP Request: GET /static/index.html HTTP/1.1
Host: localhost:8080
Connection: keep-alive
Cache-Control: max-age=0
sec-ch-ua: "Not_A Brand";v="8", "Chromium";v="120", "Google Chrome";v="120"
sec-ch-ua-mobile: ?0
sec-ch-ua-platform: "Linux"
Upgrade-Insecure-Requests: 1
User-Agent: Mozilla/5.0 (X11; Linux x86_64) AppleWebKit/537.36 (KHTML, like Gecko) Chrome/120.0.0.0 Safari/537.36
Accept: text/html,application/xhtml+xml,application/xml;q=0.9,image/avif,image/webp,image/apng,*/*;q=0.8,application/signed-exchange;v=b3;q=0.7
Sec-Fetch-Site: none
Sec-Fetch-Mode: navigate
Sec-Fetch-User: ?1
Sec-Fetch-Dest: document
Accept-Encoding: gzip, deflate, br
Accept-Language: en-US,en;q=0.9,pt;q=0.8


[INFO] [TIME_TODO] Writing out file!
[INFO] [TIME_TODO] Writing Http Response (5): 
HTTP/1.1 200 OK
Content-Length: 61


[INFO] [TIME_TODO] Writing File: 7 (61) to Socket: 5
[INFO] [TIME_TODO] File written out: 7 => 61!
[INFO] [TIME_TODO] Received CQE!
[INFO] [TIME_TODO] WRITTEN_FILE_RESPONSE
[INFO] [TIME_TODO] Received CQE!
[INFO] [TIME_TODO] WRITTEN_FILE_RESPONSE
[INFO] [TIME_TODO] Received CQE!
[INFO] [TIME_TODO] WRITTEN_FILE_RESPONSE
[INFO] [TIME_TODO] Client Connected: 5
[INFO] [TIME_TODO] Reading HTTPRequest(5)
[INFO] [TIME_TODO] Received CQE!
[INFO] [TIME_TODO] READ_REQUEST_LINE: 597
[INFO] [TIME_TODO] Handling HTTP Request: GET /favicon.ico HTTP/1.1
Host: localhost:8080
Connection: keep-alive
sec-ch-ua: "Not_A Brand";v="8", "Chromium";v="120", "Google Chrome";v="120"
sec-ch-ua-mobile: ?0
User-Agent: Mozilla/5.0 (X11; Linux x86_64) AppleWebKit/537.36 (KHTML, like Gecko) Chrome/120.0.0.0 Safari/537.36
sec-ch-ua-platform: "Linux"
Accept: image/avif,image/webp,image/apng,image/svg+xml,image/*,*/*;q=0.8
Sec-Fetch-Site: same-origin
Sec-Fetch-Mode: no-cors
Sec-Fetch-Dest: image
Referer: http://localhost:8080/static/index.html
Accept-Encoding: gzip, deflate, br
Accept-Language: en-US,en;q=0.9,pt;q=0.8


[INFO] [TIME_TODO] Get request for: /favicon.ico
[ERROR] [TIME_TODO] HTTP Request Bad Status ERROR_UNSUPPORTED_METHOD
[INFO] [TIME_TODO] Writing Http Response (5): 
HTTP/1.1 500 Internal Server Error
Content-Length: 27

Error handling the request.
[INFO] [TIME_TODO] Received CQE!
[INFO] [TIME_TODO] WRITTEN_HTTP_RESPONSE
[INFO] [TIME_TODO] Client Connected: 5
[INFO] [TIME_TODO] Reading HTTPRequest(5)
[INFO] [TIME_TODO] Received CQE!
[INFO] [TIME_TODO] READ_REQUEST_LINE: 697
[INFO] [TIME_TODO] Handling HTTP Request: GET /static/index.html HTTP/1.1
Host: localhost:8080
Connection: keep-alive
Cache-Control: max-age=0
sec-ch-ua: "Not_A Brand";v="8", "Chromium";v="120", "Google Chrome";v="120"
sec-ch-ua-mobile: ?0
sec-ch-ua-platform: "Linux"
Upgrade-Insecure-Requests: 1
User-Agent: Mozilla/5.0 (X11; Linux x86_64) AppleWebKit/537.36 (KHTML, like Gecko) Chrome/120.0.0.0 Safari/537.36
Accept: text/html,application/xhtml+xml,application/xml;q=0.9,image/avif,image/webp,image/apng,*/*;q=0.8,application/signed-exchange;v=b3;q=0.7
Sec-Fetch-Site: none
Sec-Fetch-Mode: navigate
Sec-Fetch-User: ?1
Sec-Fetch-Dest: document
Accept-Encoding: gzip, deflate, br
Accept-Language: en-US,en;q=0.9,pt;q=0.8


[INFO] [TIME_TODO] Writing out file!
[INFO] [TIME_TODO] Writing Http Response (5): 
HTTP/1.1 200 OK
Content-Length: 61


[INFO] [TIME_TODO] Writing File: 7 (61) to Socket: 5
[INFO] [TIME_TODO] File written out: 7 => 61!
[INFO] [TIME_TODO] Received CQE!
[INFO] [TIME_TODO] WRITTEN_FILE_RESPONSE
[INFO] [TIME_TODO] Received CQE!
[INFO] [TIME_TODO] WRITTEN_FILE_RESPONSE
[INFO] [TIME_TODO] Received CQE!
[INFO] [TIME_TODO] WRITTEN_FILE_RESPONSE
[INFO] [TIME_TODO] Client Connected: 5
[INFO] [TIME_TODO] Reading HTTPRequest(5)
[INFO] [TIME_TODO] Received CQE!
[INFO] [TIME_TODO] READ_REQUEST_LINE: 597
[INFO] [TIME_TODO] Handling HTTP Request: GET /favicon.ico HTTP/1.1
Host: localhost:8080
Connection: keep-alive
sec-ch-ua: "Not_A Brand";v="8", "Chromium";v="120", "Google Chrome";v="120"
sec-ch-ua-mobile: ?0
User-Agent: Mozilla/5.0 (X11; Linux x86_64) AppleWebKit/537.36 (KHTML, like Gecko) Chrome/120.0.0.0 Safari/537.36
sec-ch-ua-platform: "Linux"
Accept: image/avif,image/webp,image/apng,image/svg+xml,image/*,*/*;q=0.8
Sec-Fetch-Site: same-origin
Sec-Fetch-Mode: no-cors
Sec-Fetch-Dest: image
Referer: http://localhost:8080/static/index.html
Accept-Encoding: gzip, deflate, br
Accept-Language: en-US,en;q=0.9,pt;q=0.8


[INFO] [TIME_TODO] Get request for: /favicon.ico
[ERROR] [TIME_TODO] HTTP Request Bad Status ERROR_UNSUPPORTED_METHOD
[INFO] [TIME_TODO] Writing Http Response (5): 
HTTP/1.1 500 Internal Server Error
Content-Length: 27

Error handling the request.
[INFO] [TIME_TODO] Received CQE!
[INFO] [TIME_TODO] WRITTEN_HTTP_RESPONSE
[INFO] [TIME_TODO] Client Connected: 5
[INFO] [TIME_TODO] Reading HTTPRequest(5)
[INFO] [TIME_TODO] Received CQE!
[INFO] [TIME_TODO] READ_REQUEST_LINE: 697
[INFO] [TIME_TODO] Handling HTTP Request: GET /static/index.html HTTP/1.1
Host: localhost:8080
Connection: keep-alive
Cache-Control: max-age=0
sec-ch-ua: "Not_A Brand";v="8", "Chromium";v="120", "Google Chrome";v="120"
sec-ch-ua-mobile: ?0
sec-ch-ua-platform: "Linux"
Upgrade-Insecure-Requests: 1
User-Agent: Mozilla/5.0 (X11; Linux x86_64) AppleWebKit/537.36 (KHTML, like Gecko) Chrome/120.0.0.0 Safari/537.36
Accept: text/html,application/xhtml+xml,application/xml;q=0.9,image/avif,image/webp,image/apng,*/*;q=0.8,application/signed-exchange;v=b3;q=0.7
Sec-Fetch-Site: none
Sec-Fetch-Mode: navigate
Sec-Fetch-User: ?1
Sec-Fetch-Dest: document
Accept-Encoding: gzip, deflate, br
Accept-Language: en-US,en;q=0.9,pt;q=0.8


[INFO] [TIME_TODO] Writing out file!
[INFO] [TIME_TODO] Writing Http Response (5): 
HTTP/1.1 200 OK
Content-Length: 61


[INFO] [TIME_TODO] Writing File: 7 (61) to Socket: 5
[INFO] [TIME_TODO] File written out: 7 => 61!
[INFO] [TIME_TODO] Received CQE!
[INFO] [TIME_TODO] WRITTEN_FILE_RESPONSE
[INFO] [TIME_TODO] Client Connected: 10
[INFO] [TIME_TODO] Received CQE!
[INFO] [TIME_TODO] WRITTEN_FILE_RESPONSE
[INFO] [TIME_TODO] Reading HTTPRequest(10)
[INFO] [TIME_TODO] Received CQE!
[INFO] [TIME_TODO] WRITTEN_FILE_RESPONSE
[INFO] [TIME_TODO] Received CQE!
[INFO] [TIME_TODO] READ_REQUEST_LINE: 597
[INFO] [TIME_TODO] Handling HTTP Request: GET /favicon.ico HTTP/1.1
Host: localhost:8080
Connection: keep-alive
sec-ch-ua: "Not_A Brand";v="8", "Chromium";v="120", "Google Chrome";v="120"
sec-ch-ua-mobile: ?0
User-Agent: Mozilla/5.0 (X11; Linux x86_64) AppleWebKit/537.36 (KHTML, like Gecko) Chrome/120.0.0.0 Safari/537.36
sec-ch-ua-platform: "Linux"
Accept: image/avif,image/webp,image/apng,image/svg+xml,image/*,*/*;q=0.8
Sec-Fetch-Site: same-origin
Sec-Fetch-Mode: no-cors
Sec-Fetch-Dest: image
Referer: http://localhost:8080/static/index.html
Accept-Encoding: gzip, deflate, br
Accept-Language: en-US,en;q=0.9,pt;q=0.8


[INFO] [TIME_TODO] Get request for: /favicon.ico
[ERROR] [TIME_TODO] HTTP Request Bad Status ERROR_UNSUPPORTED_METHOD
[INFO] [TIME_TODO] Writing Http Response (10): 
HTTP/1.1 500 Internal Server Error
Content-Length: 27

Error handling the request.
[INFO] [TIME_TODO] Received CQE!
[INFO] [TIME_TODO] WRITTEN_HTTP_RESPONSE
[INFO] [TIME_TODO] Client Connected: 5
[INFO] [TIME_TODO] Reading HTTPRequest(5)
[INFO] [TIME_TODO] Received CQE!
[INFO] [TIME_TODO] READ_REQUEST_LINE: 697
[INFO] [TIME_TODO] Handling HTTP Request: GET /static/index.html HTTP/1.1
Host: localhost:8080
Connection: keep-alive
Cache-Control: max-age=0
sec-ch-ua: "Not_A Brand";v="8", "Chromium";v="120", "Google Chrome";v="120"
sec-ch-ua-mobile: ?0
sec-ch-ua-platform: "Linux"
Upgrade-Insecure-Requests: 1
User-Agent: Mozilla/5.0 (X11; Linux x86_64) AppleWebKit/537.36 (KHTML, like Gecko) Chrome/120.0.0.0 Safari/537.36
Accept: text/html,application/xhtml+xml,application/xml;q=0.9,image/avif,image/webp,image/apng,*/*;q=0.8,application/signed-exchange;v=b3;q=0.7
Sec-Fetch-Site: none
Sec-Fetch-Mode: navigate
Sec-Fetch-User: ?1
Sec-Fetch-Dest: document
Accept-Encoding: gzip, deflate, br
Accept-Language: en-US,en;q=0.9,pt;q=0.8


[INFO] [TIME_TODO] Writing out file!
[INFO] [TIME_TODO] Writing Http Response (5): 
HTTP/1.1 200 OK
Content-Length: 61


[INFO] [TIME_TODO] Writing File: 7 (61) to Socket: 5
[INFO] [TIME_TODO] File written out: 7 => 61!
[INFO] [TIME_TODO] Received CQE!
[INFO] [TIME_TODO] WRITTEN_FILE_RESPONSE
[INFO] [TIME_TODO] Received CQE!
[INFO] [TIME_TODO] WRITTEN_FILE_RESPONSE
[INFO] [TIME_TODO] Received CQE!
[INFO] [TIME_TODO] WRITTEN_FILE_RESPONSE
[INFO] [TIME_TODO] Client Connected: 5
[INFO] [TIME_TODO] Reading HTTPRequest(5)
[INFO] [TIME_TODO] Client Connected: 7
[INFO] [TIME_TODO] Reading HTTPRequest(7)
[INFO] [TIME_TODO] Received CQE!
[INFO] [TIME_TODO] READ_REQUEST_LINE: 597
[INFO] [TIME_TODO] Handling HTTP Request: GET /favicon.ico HTTP/1.1
Host: localhost:8080
Connection: keep-alive
sec-ch-ua: "Not_A Brand";v="8", "Chromium";v="120", "Google Chrome";v="120"
sec-ch-ua-mobile: ?0
User-Agent: Mozilla/5.0 (X11; Linux x86_64) AppleWebKit/537.36 (KHTML, like Gecko) Chrome/120.0.0.0 Safari/537.36
sec-ch-ua-platform: "Linux"
Accept: image/avif,image/webp,image/apng,image/svg+xml,image/*,*/*;q=0.8
Sec-Fetch-Site: same-origin
Sec-Fetch-Mode: no-cors
Sec-Fetch-Dest: image
Referer: http://localhost:8080/static/index.html
Accept-Encoding: gzip, deflate, br
Accept-Language: en-US,en;q=0.9,pt;q=0.8


[INFO] [TIME_TODO] Get request for: /favicon.ico
[ERROR] [TIME_TODO] HTTP Request Bad Status ERROR_UNSUPPORTED_METHOD
[INFO] [TIME_TODO] Writing Http Response (5): 
HTTP/1.1 500 Internal Server Error
Content-Length: 27

Error handling the request.
[INFO] [TIME_TODO] Received CQE!
[INFO] [TIME_TODO] WRITTEN_HTTP_RESPONSE
[INFO] [TIME_TODO] Received CQE!
[INFO] [TIME_TODO] READ_REQUEST_LINE: 697
[INFO] [TIME_TODO] Handling HTTP Request: GET /static/index.html HTTP/1.1
Host: localhost:8080
Connection: keep-alive
Cache-Control: max-age=0
sec-ch-ua: "Not_A Brand";v="8", "Chromium";v="120", "Google Chrome";v="120"
sec-ch-ua-mobile: ?0
sec-ch-ua-platform: "Linux"
Upgrade-Insecure-Requests: 1
User-Agent: Mozilla/5.0 (X11; Linux x86_64) AppleWebKit/537.36 (KHTML, like Gecko) Chrome/120.0.0.0 Safari/537.36
Accept: text/html,application/xhtml+xml,application/xml;q=0.9,image/avif,image/webp,image/apng,*/*;q=0.8,application/signed-exchange;v=b3;q=0.7
Sec-Fetch-Site: none
Sec-Fetch-Mode: navigate
Sec-Fetch-User: ?1
Sec-Fetch-Dest: document
Accept-Encoding: gzip, deflate, br
Accept-Language: en-US,en;q=0.9,pt;q=0.8


[INFO] [TIME_TODO] Writing out file!
[INFO] [TIME_TODO] Writing Http Response (7): 
HTTP/1.1 200 OK
Content-Length: 61


[INFO] [TIME_TODO] Writing File: 5 (61) to Socket: 7
[INFO] [TIME_TODO] File written out: 5 => 61!
[INFO] [TIME_TODO] Client Connected: 10
[INFO] [TIME_TODO] Received CQE!
[INFO] [TIME_TODO] WRITTEN_FILE_RESPONSE
[INFO] [TIME_TODO] Reading HTTPRequest(10)
[INFO] [TIME_TODO] Received CQE!
[INFO] [TIME_TODO] WRITTEN_FILE_RESPONSE
[INFO] [TIME_TODO] Received CQE!
[INFO] [TIME_TODO] WRITTEN_FILE_RESPONSE
[INFO] [TIME_TODO] Received CQE!
[INFO] [TIME_TODO] READ_REQUEST_LINE: 597
[INFO] [TIME_TODO] Handling HTTP Request: GET /favicon.ico HTTP/1.1
Host: localhost:8080
Connection: keep-alive
sec-ch-ua: "Not_A Brand";v="8", "Chromium";v="120", "Google Chrome";v="120"
sec-ch-ua-mobile: ?0
User-Agent: Mozilla/5.0 (X11; Linux x86_64) AppleWebKit/537.36 (KHTML, like Gecko) Chrome/120.0.0.0 Safari/537.36
sec-ch-ua-platform: "Linux"
Accept: image/avif,image/webp,image/apng,image/svg+xml,image/*,*/*;q=0.8
Sec-Fetch-Site: same-origin
Sec-Fetch-Mode: no-cors
Sec-Fetch-Dest: image
Referer: http://localhost:8080/static/index.html
Accept-Encoding: gzip, deflate, br
Accept-Language: en-US,en;q=0.9,pt;q=0.8


[INFO] [TIME_TODO] Get request for: /favicon.ico
[ERROR] [TIME_TODO] HTTP Request Bad Status ERROR_UNSUPPORTED_METHOD
[INFO] [TIME_TODO] Writing Http Response (10): 
HTTP/1.1 500 Internal Server Error
Content-Length: 27

Error handling the request.
[INFO] [TIME_TODO] Received CQE!
[INFO] [TIME_TODO] WRITTEN_HTTP_RESPONSE
[INFO] [TIME_TODO] Client Connected: 5
[INFO] [TIME_TODO] Reading HTTPRequest(5)
[INFO] [TIME_TODO] Received CQE!
[INFO] [TIME_TODO] READ_REQUEST_LINE: 697
[INFO] [TIME_TODO] Handling HTTP Request: GET /static/index.html HTTP/1.1
Host: localhost:8080
Connection: keep-alive
Cache-Control: max-age=0
sec-ch-ua: "Not_A Brand";v="8", "Chromium";v="120", "Google Chrome";v="120"
sec-ch-ua-mobile: ?0
sec-ch-ua-platform: "Linux"
Upgrade-Insecure-Requests: 1
User-Agent: Mozilla/5.0 (X11; Linux x86_64) AppleWebKit/537.36 (KHTML, like Gecko) Chrome/120.0.0.0 Safari/537.36
Accept: text/html,application/xhtml+xml,application/xml;q=0.9,image/avif,image/webp,image/apng,*/*;q=0.8,application/signed-exchange;v=b3;q=0.7
Sec-Fetch-Site: none
Sec-Fetch-Mode: navigate
Sec-Fetch-User: ?1
Sec-Fetch-Dest: document
Accept-Encoding: gzip, deflate, br
Accept-Language: en-US,en;q=0.9,pt;q=0.8


[INFO] [TIME_TODO] Writing out file!
[INFO] [TIME_TODO] Writing Http Response (5): 
HTTP/1.1 200 OK
Content-Length: 61


[INFO] [TIME_TODO] Writing File: 7 (61) to Socket: 5
[INFO] [TIME_TODO] File written out: 7 => 61!
[INFO] [TIME_TODO] Received CQE!
[INFO] [TIME_TODO] WRITTEN_FILE_RESPONSE
[INFO] [TIME_TODO] Received CQE!
[INFO] [TIME_TODO] WRITTEN_FILE_RESPONSE
[INFO] [TIME_TODO] Received CQE!
[INFO] [TIME_TODO] WRITTEN_FILE_RESPONSE
[INFO] [TIME_TODO] Client Connected: 5
[INFO] [TIME_TODO] Reading HTTPRequest(5)
[INFO] [TIME_TODO] Client Connected: 8
[INFO] [TIME_TODO] Reading HTTPRequest(8)
[INFO] [TIME_TODO] Received CQE!
[INFO] [TIME_TODO] READ_REQUEST_LINE: 597
[INFO] [TIME_TODO] Handling HTTP Request: GET /favicon.ico HTTP/1.1
Host: localhost:8080
Connection: keep-alive
sec-ch-ua: "Not_A Brand";v="8", "Chromium";v="120", "Google Chrome";v="120"
sec-ch-ua-mobile: ?0
User-Agent: Mozilla/5.0 (X11; Linux x86_64) AppleWebKit/537.36 (KHTML, like Gecko) Chrome/120.0.0.0 Safari/537.36
sec-ch-ua-platform: "Linux"
Accept: image/avif,image/webp,image/apng,image/svg+xml,image/*,*/*;q=0.8
Sec-Fetch-Site: same-origin
Sec-Fetch-Mode: no-cors
Sec-Fetch-Dest: image
Referer: http://localhost:8080/static/index.html
Accept-Encoding: gzip, deflate, br
Accept-Language: en-US,en;q=0.9,pt;q=0.8


[INFO] [TIME_TODO] Get request for: /favicon.ico
[ERROR] [TIME_TODO] HTTP Request Bad Status ERROR_UNSUPPORTED_METHOD
[INFO] [TIME_TODO] Writing Http Response (5): 
HTTP/1.1 500 Internal Server Error
Content-Length: 27

Error handling the request.
[INFO] [TIME_TODO] Received CQE!
[INFO] [TIME_TODO] WRITTEN_HTTP_RESPONSE
[INFO] [TIME_TODO] Received CQE!
[INFO] [TIME_TODO] READ_REQUEST_LINE: 697
[INFO] [TIME_TODO] Handling HTTP Request: GET /static/index.html HTTP/1.1
Host: localhost:8080
Connection: keep-alive
Cache-Control: max-age=0
sec-ch-ua: "Not_A Brand";v="8", "Chromium";v="120", "Google Chrome";v="120"
sec-ch-ua-mobile: ?0
sec-ch-ua-platform: "Linux"
Upgrade-Insecure-Requests: 1
User-Agent: Mozilla/5.0 (X11; Linux x86_64) AppleWebKit/537.36 (KHTML, like Gecko) Chrome/120.0.0.0 Safari/537.36
Accept: text/html,application/xhtml+xml,application/xml;q=0.9,image/avif,image/webp,image/apng,*/*;q=0.8,application/signed-exchange;v=b3;q=0.7
Sec-Fetch-Site: none
Sec-Fetch-Mode: navigate
Sec-Fetch-User: ?1
Sec-Fetch-Dest: document
Accept-Encoding: gzip, deflate, br
Accept-Language: en-US,en;q=0.9,pt;q=0.8


[INFO] [TIME_TODO] Writing out file!
[INFO] [TIME_TODO] Writing Http Response (8): 
HTTP/1.1 200 OK
Content-Length: 61


[INFO] [TIME_TODO] Writing File: 5 (61) to Socket: 8
[INFO] [TIME_TODO] File written out: 5 => 61!
[INFO] [TIME_TODO] Received CQE!
[INFO] [TIME_TODO] WRITTEN_FILE_RESPONSE
[INFO] [TIME_TODO] Received CQE!
[INFO] [TIME_TODO] WRITTEN_FILE_RESPONSE
[INFO] [TIME_TODO] Received CQE!
[INFO] [TIME_TODO] WRITTEN_FILE_RESPONSE
[INFO] [TIME_TODO] Client Connected: 5
[INFO] [TIME_TODO] Reading HTTPRequest(5)
[INFO] [TIME_TODO] Received CQE!
[INFO] [TIME_TODO] READ_REQUEST_LINE: 597
[INFO] [TIME_TODO] Handling HTTP Request: GET /favicon.ico HTTP/1.1
Host: localhost:8080
Connection: keep-alive
sec-ch-ua: "Not_A Brand";v="8", "Chromium";v="120", "Google Chrome";v="120"
sec-ch-ua-mobile: ?0
User-Agent: Mozilla/5.0 (X11; Linux x86_64) AppleWebKit/537.36 (KHTML, like Gecko) Chrome/120.0.0.0 Safari/537.36
sec-ch-ua-platform: "Linux"
Accept: image/avif,image/webp,image/apng,image/svg+xml,image/*,*/*;q=0.8
Sec-Fetch-Site: same-origin
Sec-Fetch-Mode: no-cors
Sec-Fetch-Dest: image
Referer: http://localhost:8080/static/index.html
Accept-Encoding: gzip, deflate, br
Accept-Language: en-US,en;q=0.9,pt;q=0.8


[INFO] [TIME_TODO] Get request for: /favicon.ico
[ERROR] [TIME_TODO] HTTP Request Bad Status ERROR_UNSUPPORTED_METHOD
[INFO] [TIME_TODO] Writing Http Response (5): 
HTTP/1.1 500 Internal Server Error
Content-Length: 27

Error handling the request.
[INFO] [TIME_TODO] Received CQE!
[INFO] [TIME_TODO] WRITTEN_HTTP_RESPONSE
[INFO] [TIME_TODO] Client Connected: 5
[INFO] [TIME_TODO] Reading HTTPRequest(5)
[INFO] [TIME_TODO] Received CQE!
[INFO] [TIME_TODO] READ_REQUEST_LINE: 697
[INFO] [TIME_TODO] Handling HTTP Request: GET /static/index.html HTTP/1.1
Host: localhost:8080
Connection: keep-alive
Cache-Control: max-age=0
sec-ch-ua: "Not_A Brand";v="8", "Chromium";v="120", "Google Chrome";v="120"
sec-ch-ua-mobile: ?0
sec-ch-ua-platform: "Linux"
Upgrade-Insecure-Requests: 1
User-Agent: Mozilla/5.0 (X11; Linux x86_64) AppleWebKit/537.36 (KHTML, like Gecko) Chrome/120.0.0.0 Safari/537.36
Accept: text/html,application/xhtml+xml,application/xml;q=0.9,image/avif,image/webp,image/apng,*/*;q=0.8,application/signed-exchange;v=b3;q=0.7
Sec-Fetch-Site: none
Sec-Fetch-Mode: navigate
Sec-Fetch-User: ?1
Sec-Fetch-Dest: document
Accept-Encoding: gzip, deflate, br
Accept-Language: en-US,en;q=0.9,pt;q=0.8


[INFO] [TIME_TODO] Writing out file!
[INFO] [TIME_TODO] Writing Http Response (5): 
HTTP/1.1 200 OK
Content-Length: 61


[INFO] [TIME_TODO] Writing File: 7 (61) to Socket: 5
[INFO] [TIME_TODO] File written out: 7 => 61!
[INFO] [TIME_TODO] Received CQE!
[INFO] [TIME_TODO] WRITTEN_FILE_RESPONSE
[INFO] [TIME_TODO] Received CQE!
[INFO] [TIME_TODO] WRITTEN_FILE_RESPONSE
[INFO] [TIME_TODO] Received CQE!
[INFO] [TIME_TODO] WRITTEN_FILE_RESPONSE
[INFO] [TIME_TODO] Client Connected: 5
[INFO] [TIME_TODO] Reading HTTPRequest(5)
[INFO] [TIME_TODO] Received CQE!
[INFO] [TIME_TODO] READ_REQUEST_LINE: 597
[INFO] [TIME_TODO] Handling HTTP Request: GET /favicon.ico HTTP/1.1
Host: localhost:8080
Connection: keep-alive
sec-ch-ua: "Not_A Brand";v="8", "Chromium";v="120", "Google Chrome";v="120"
sec-ch-ua-mobile: ?0
User-Agent: Mozilla/5.0 (X11; Linux x86_64) AppleWebKit/537.36 (KHTML, like Gecko) Chrome/120.0.0.0 Safari/537.36
sec-ch-ua-platform: "Linux"
Accept: image/avif,image/webp,image/apng,image/svg+xml,image/*,*/*;q=0.8
Sec-Fetch-Site: same-origin
Sec-Fetch-Mode: no-cors
Sec-Fetch-Dest: image
Referer: http://localhost:8080/static/index.html
Accept-Encoding: gzip, deflate, br
Accept-Language: en-US,en;q=0.9,pt;q=0.8


[INFO] [TIME_TODO] Get request for: /favicon.ico
[ERROR] [TIME_TODO] HTTP Request Bad Status ERROR_UNSUPPORTED_METHOD
[INFO] [TIME_TODO] Writing Http Response (5): 
HTTP/1.1 500 Internal Server Error
Content-Length: 27

Error handling the request.
[INFO] [TIME_TODO] Received CQE!
[INFO] [TIME_TODO] WRITTEN_HTTP_RESPONSE
[INFO] [TIME_TODO] Client Connected: 5
[INFO] [TIME_TODO] Reading HTTPRequest(5)
[INFO] [TIME_TODO] Received CQE!
[INFO] [TIME_TODO] READ_REQUEST_LINE: 697
[INFO] [TIME_TODO] Handling HTTP Request: GET /static/index.html HTTP/1.1
Host: localhost:8080
Connection: keep-alive
Cache-Control: max-age=0
sec-ch-ua: "Not_A Brand";v="8", "Chromium";v="120", "Google Chrome";v="120"
sec-ch-ua-mobile: ?0
sec-ch-ua-platform: "Linux"
Upgrade-Insecure-Requests: 1
User-Agent: Mozilla/5.0 (X11; Linux x86_64) AppleWebKit/537.36 (KHTML, like Gecko) Chrome/120.0.0.0 Safari/537.36
Accept: text/html,application/xhtml+xml,application/xml;q=0.9,image/avif,image/webp,image/apng,*/*;q=0.8,application/signed-exchange;v=b3;q=0.7
Sec-Fetch-Site: none
Sec-Fetch-Mode: navigate
Sec-Fetch-User: ?1
Sec-Fetch-Dest: document
Accept-Encoding: gzip, deflate, br
Accept-Language: en-US,en;q=0.9,pt;q=0.8


[INFO] [TIME_TODO] Writing out file!
[INFO] [TIME_TODO] Writing Http Response (5): 
HTTP/1.1 200 OK
Content-Length: 61


[INFO] [TIME_TODO] Writing File: 7 (61) to Socket: 5
[INFO] [TIME_TODO] File written out: 7 => 61!
[INFO] [TIME_TODO] Received CQE!
[INFO] [TIME_TODO] WRITTEN_FILE_RESPONSE
[INFO] [TIME_TODO] Received CQE!
[INFO] [TIME_TODO] WRITTEN_FILE_RESPONSE
[INFO] [TIME_TODO] Received CQE!
[INFO] [TIME_TODO] WRITTEN_FILE_RESPONSE
[INFO] [TIME_TODO] Client Connected: 5
[INFO] [TIME_TODO] Reading HTTPRequest(5)
[INFO] [TIME_TODO] Client Connected: 7
[INFO] [TIME_TODO] Reading HTTPRequest(7)
[INFO] [TIME_TODO] Received CQE!
[INFO] [TIME_TODO] READ_REQUEST_LINE: 597
[INFO] [TIME_TODO] Handling HTTP Request: GET /favicon.ico HTTP/1.1
Host: localhost:8080
Connection: keep-alive
sec-ch-ua: "Not_A Brand";v="8", "Chromium";v="120", "Google Chrome";v="120"
sec-ch-ua-mobile: ?0
User-Agent: Mozilla/5.0 (X11; Linux x86_64) AppleWebKit/537.36 (KHTML, like Gecko) Chrome/120.0.0.0 Safari/537.36
sec-ch-ua-platform: "Linux"
Accept: image/avif,image/webp,image/apng,image/svg+xml,image/*,*/*;q=0.8
Sec-Fetch-Site: same-origin
Sec-Fetch-Mode: no-cors
Sec-Fetch-Dest: image
Referer: http://localhost:8080/static/index.html
Accept-Encoding: gzip, deflate, br
Accept-Language: en-US,en;q=0.9,pt;q=0.8


[INFO] [TIME_TODO] Get request for: /favicon.ico
[ERROR] [TIME_TODO] HTTP Request Bad Status ERROR_UNSUPPORTED_METHOD
[INFO] [TIME_TODO] Writing Http Response (5): 
HTTP/1.1 500 Internal Server Error
Content-Length: 27

Error handling the request.
[INFO] [TIME_TODO] Received CQE!
[INFO] [TIME_TODO] WRITTEN_HTTP_RESPONSE
[INFO] [TIME_TODO] Received CQE!
[INFO] [TIME_TODO] READ_REQUEST_LINE: 697
[INFO] [TIME_TODO] Handling HTTP Request: GET /static/index.html HTTP/1.1
Host: localhost:8080
Connection: keep-alive
Cache-Control: max-age=0
sec-ch-ua: "Not_A Brand";v="8", "Chromium";v="120", "Google Chrome";v="120"
sec-ch-ua-mobile: ?0
sec-ch-ua-platform: "Linux"
Upgrade-Insecure-Requests: 1
User-Agent: Mozilla/5.0 (X11; Linux x86_64) AppleWebKit/537.36 (KHTML, like Gecko) Chrome/120.0.0.0 Safari/537.36
Accept: text/html,application/xhtml+xml,application/xml;q=0.9,image/avif,image/webp,image/apng,*/*;q=0.8,application/signed-exchange;v=b3;q=0.7
Sec-Fetch-Site: none
Sec-Fetch-Mode: navigate
Sec-Fetch-User: ?1
Sec-Fetch-Dest: document
Accept-Encoding: gzip, deflate, br
Accept-Language: en-US,en;q=0.9,pt;q=0.8


[INFO] [TIME_TODO] Writing out file!
[INFO] [TIME_TODO] Writing Http Response (7): 
HTTP/1.1 200 OK
Content-Length: 61


[INFO] [TIME_TODO] Writing File: 5 (61) to Socket: 7
[INFO] [TIME_TODO] File written out: 5 => 61!
[INFO] [TIME_TODO] Received CQE!
[INFO] [TIME_TODO] WRITTEN_FILE_RESPONSE
[INFO] [TIME_TODO] Received CQE!
[INFO] [TIME_TODO] WRITTEN_FILE_RESPONSE
[INFO] [TIME_TODO] Received CQE!
[INFO] [TIME_TODO] WRITTEN_FILE_RESPONSE
[INFO] [TIME_TODO] Client Connected: 5
[INFO] [TIME_TODO] Reading HTTPRequest(5)
[INFO] [TIME_TODO] Client Connected: 7
[INFO] [TIME_TODO] Reading HTTPRequest(7)
[INFO] [TIME_TODO] Received CQE!
[INFO] [TIME_TODO] READ_REQUEST_LINE: 597
[INFO] [TIME_TODO] Handling HTTP Request: GET /favicon.ico HTTP/1.1
Host: localhost:8080
Connection: keep-alive
sec-ch-ua: "Not_A Brand";v="8", "Chromium";v="120", "Google Chrome";v="120"
sec-ch-ua-mobile: ?0
User-Agent: Mozilla/5.0 (X11; Linux x86_64) AppleWebKit/537.36 (KHTML, like Gecko) Chrome/120.0.0.0 Safari/537.36
sec-ch-ua-platform: "Linux"
Accept: image/avif,image/webp,image/apng,image/svg+xml,image/*,*/*;q=0.8
Sec-Fetch-Site: same-origin
Sec-Fetch-Mode: no-cors
Sec-Fetch-Dest: image
Referer: http://localhost:8080/static/index.html
Accept-Encoding: gzip, deflate, br
Accept-Language: en-US,en;q=0.9,pt;q=0.8


[INFO] [TIME_TODO] Get request for: /favicon.ico
[ERROR] [TIME_TODO] HTTP Request Bad Status ERROR_UNSUPPORTED_METHOD
[INFO] [TIME_TODO] Writing Http Response (5): 
HTTP/1.1 500 Internal Server Error
Content-Length: 27

Error handling the request.
[INFO] [TIME_TODO] Received CQE!
[INFO] [TIME_TODO] WRITTEN_HTTP_RESPONSE
[INFO] [TIME_TODO] Received CQE!
[INFO] [TIME_TODO] READ_REQUEST_LINE: 697
[INFO] [TIME_TODO] Handling HTTP Request: GET /static/index.html HTTP/1.1
Host: localhost:8080
Connection: keep-alive
Cache-Control: max-age=0
sec-ch-ua: "Not_A Brand";v="8", "Chromium";v="120", "Google Chrome";v="120"
sec-ch-ua-mobile: ?0
sec-ch-ua-platform: "Linux"
Upgrade-Insecure-Requests: 1
User-Agent: Mozilla/5.0 (X11; Linux x86_64) AppleWebKit/537.36 (KHTML, like Gecko) Chrome/120.0.0.0 Safari/537.36
Accept: text/html,application/xhtml+xml,application/xml;q=0.9,image/avif,image/webp,image/apng,*/*;q=0.8,application/signed-exchange;v=b3;q=0.7
Sec-Fetch-Site: none
Sec-Fetch-Mode: navigate
Sec-Fetch-User: ?1
Sec-Fetch-Dest: document
Accept-Encoding: gzip, deflate, br
Accept-Language: en-US,en;q=0.9,pt;q=0.8


[INFO] [TIME_TODO] Writing out file!
[INFO] [TIME_TODO] Writing Http Response (7): 
HTTP/1.1 200 OK
Content-Length: 61


[INFO] [TIME_TODO] Writing File: 5 (61) to Socket: 7
[INFO] [TIME_TODO] File written out: 5 => 61!
[INFO] [TIME_TODO] Received CQE!
[INFO] [TIME_TODO] WRITTEN_FILE_RESPONSE
[INFO] [TIME_TODO] Received CQE!
[INFO] [TIME_TODO] WRITTEN_FILE_RESPONSE
[INFO] [TIME_TODO] Received CQE!
[INFO] [TIME_TODO] WRITTEN_FILE_RESPONSE
[INFO] [TIME_TODO] Client Connected: 5
[INFO] [TIME_TODO] Reading HTTPRequest(5)
[INFO] [TIME_TODO] Received CQE!
[INFO] [TIME_TODO] READ_REQUEST_LINE: 597
[INFO] [TIME_TODO] Handling HTTP Request: GET /favicon.ico HTTP/1.1
Host: localhost:8080
Connection: keep-alive
sec-ch-ua: "Not_A Brand";v="8", "Chromium";v="120", "Google Chrome";v="120"
sec-ch-ua-mobile: ?0
User-Agent: Mozilla/5.0 (X11; Linux x86_64) AppleWebKit/537.36 (KHTML, like Gecko) Chrome/120.0.0.0 Safari/537.36
sec-ch-ua-platform: "Linux"
Accept: image/avif,image/webp,image/apng,image/svg+xml,image/*,*/*;q=0.8
Sec-Fetch-Site: same-origin
Sec-Fetch-Mode: no-cors
Sec-Fetch-Dest: image
Referer: http://localhost:8080/static/index.html
Accept-Encoding: gzip, deflate, br
Accept-Language: en-US,en;q=0.9,pt;q=0.8


[INFO] [TIME_TODO] Get request for: /favicon.ico
[ERROR] [TIME_TODO] HTTP Request Bad Status ERROR_UNSUPPORTED_METHOD
[INFO] [TIME_TODO] Writing Http Response (5): 
HTTP/1.1 500 Internal Server Error
Content-Length: 27

Error handling the request.
[INFO] [TIME_TODO] Received CQE!
[INFO] [TIME_TODO] WRITTEN_HTTP_RESPONSE
[INFO] [TIME_TODO] Client Connected: 5
[INFO] [TIME_TODO] Reading HTTPRequest(5)
[INFO] [TIME_TODO] Received CQE!
[INFO] [TIME_TODO] READ_REQUEST_LINE: 697
[INFO] [TIME_TODO] Handling HTTP Request: GET /static/index.html HTTP/1.1
Host: localhost:8080
Connection: keep-alive
Cache-Control: max-age=0
sec-ch-ua: "Not_A Brand";v="8", "Chromium";v="120", "Google Chrome";v="120"
sec-ch-ua-mobile: ?0
sec-ch-ua-platform: "Linux"
Upgrade-Insecure-Requests: 1
User-Agent: Mozilla/5.0 (X11; Linux x86_64) AppleWebKit/537.36 (KHTML, like Gecko) Chrome/120.0.0.0 Safari/537.36
Accept: text/html,application/xhtml+xml,application/xml;q=0.9,image/avif,image/webp,image/apng,*/*;q=0.8,application/signed-exchange;v=b3;q=0.7
Sec-Fetch-Site: none
Sec-Fetch-Mode: navigate
Sec-Fetch-User: ?1
Sec-Fetch-Dest: document
Accept-Encoding: gzip, deflate, br
Accept-Language: en-US,en;q=0.9,pt;q=0.8


[INFO] [TIME_TODO] Writing out file!
[INFO] [TIME_TODO] Writing Http Response (5): 
HTTP/1.1 200 OK
Content-Length: 61


[INFO] [TIME_TODO] Writing File: 7 (61) to Socket: 5
[INFO] [TIME_TODO] File written out: 7 => 61!
[INFO] [TIME_TODO] Received CQE!
[INFO] [TIME_TODO] WRITTEN_FILE_RESPONSE
[INFO] [TIME_TODO] Received CQE!
[INFO] [TIME_TODO] WRITTEN_FILE_RESPONSE
[INFO] [TIME_TODO] Received CQE!
[INFO] [TIME_TODO] WRITTEN_FILE_RESPONSE
[INFO] [TIME_TODO] Client Connected: 5
[INFO] [TIME_TODO] Reading HTTPRequest(5)
[INFO] [TIME_TODO] Received CQE!
[INFO] [TIME_TODO] READ_REQUEST_LINE: 597
[INFO] [TIME_TODO] Handling HTTP Request: GET /favicon.ico HTTP/1.1
Host: localhost:8080
Connection: keep-alive
sec-ch-ua: "Not_A Brand";v="8", "Chromium";v="120", "Google Chrome";v="120"
sec-ch-ua-mobile: ?0
User-Agent: Mozilla/5.0 (X11; Linux x86_64) AppleWebKit/537.36 (KHTML, like Gecko) Chrome/120.0.0.0 Safari/537.36
sec-ch-ua-platform: "Linux"
Accept: image/avif,image/webp,image/apng,image/svg+xml,image/*,*/*;q=0.8
Sec-Fetch-Site: same-origin
Sec-Fetch-Mode: no-cors
Sec-Fetch-Dest: image
Referer: http://localhost:8080/static/index.html
Accept-Encoding: gzip, deflate, br
Accept-Language: en-US,en;q=0.9,pt;q=0.8


[INFO] [TIME_TODO] Get request for: /favicon.ico
[ERROR] [TIME_TODO] HTTP Request Bad Status ERROR_UNSUPPORTED_METHOD
[INFO] [TIME_TODO] Writing Http Response (5): 
HTTP/1.1 500 Internal Server Error
Content-Length: 27

Error handling the request.
[INFO] [TIME_TODO] Received CQE!
[INFO] [TIME_TODO] WRITTEN_HTTP_RESPONSE
[INFO] [TIME_TODO] Client Connected: 5
[INFO] [TIME_TODO] Reading HTTPRequest(5)
[INFO] [TIME_TODO] Received CQE!
[INFO] [TIME_TODO] READ_REQUEST_LINE: 697
[INFO] [TIME_TODO] Handling HTTP Request: GET /static/index.html HTTP/1.1
Host: localhost:8080
Connection: keep-alive
Cache-Control: max-age=0
sec-ch-ua: "Not_A Brand";v="8", "Chromium";v="120", "Google Chrome";v="120"
sec-ch-ua-mobile: ?0
sec-ch-ua-platform: "Linux"
Upgrade-Insecure-Requests: 1
User-Agent: Mozilla/5.0 (X11; Linux x86_64) AppleWebKit/537.36 (KHTML, like Gecko) Chrome/120.0.0.0 Safari/537.36
Accept: text/html,application/xhtml+xml,application/xml;q=0.9,image/avif,image/webp,image/apng,*/*;q=0.8,application/signed-exchange;v=b3;q=0.7
Sec-Fetch-Site: none
Sec-Fetch-Mode: navigate
Sec-Fetch-User: ?1
Sec-Fetch-Dest: document
Accept-Encoding: gzip, deflate, br
Accept-Language: en-US,en;q=0.9,pt;q=0.8


[INFO] [TIME_TODO] Writing out file!
[INFO] [TIME_TODO] Writing Http Response (5): 
HTTP/1.1 200 OK
Content-Length: 61


[INFO] [TIME_TODO] Writing File: 7 (61) to Socket: 5
[INFO] [TIME_TODO] File written out: 7 => 61!
[INFO] [TIME_TODO] Received CQE!
[INFO] [TIME_TODO] WRITTEN_FILE_RESPONSE
[INFO] [TIME_TODO] Received CQE!
[INFO] [TIME_TODO] WRITTEN_FILE_RESPONSE
[INFO] [TIME_TODO] Received CQE!
[INFO] [TIME_TODO] WRITTEN_FILE_RESPONSE
[INFO] [TIME_TODO] Client Connected: 5
[INFO] [TIME_TODO] Reading HTTPRequest(5)
[INFO] [TIME_TODO] Received CQE!
[INFO] [TIME_TODO] READ_REQUEST_LINE: 597
[INFO] [TIME_TODO] Handling HTTP Request: GET /favicon.ico HTTP/1.1
Host: localhost:8080
Connection: keep-alive
sec-ch-ua: "Not_A Brand";v="8", "Chromium";v="120", "Google Chrome";v="120"
sec-ch-ua-mobile: ?0
User-Agent: Mozilla/5.0 (X11; Linux x86_64) AppleWebKit/537.36 (KHTML, like Gecko) Chrome/120.0.0.0 Safari/537.36
sec-ch-ua-platform: "Linux"
Accept: image/avif,image/webp,image/apng,image/svg+xml,image/*,*/*;q=0.8
Sec-Fetch-Site: same-origin
Sec-Fetch-Mode: no-cors
Sec-Fetch-Dest: image
Referer: http://localhost:8080/static/index.html
Accept-Encoding: gzip, deflate, br
Accept-Language: en-US,en;q=0.9,pt;q=0.8


[INFO] [TIME_TODO] Get request for: /favicon.ico
[ERROR] [TIME_TODO] HTTP Request Bad Status ERROR_UNSUPPORTED_METHOD
[INFO] [TIME_TODO] Writing Http Response (5): 
HTTP/1.1 500 Internal Server Error
Content-Length: 27

Error handling the request.
[INFO] [TIME_TODO] Received CQE!
[INFO] [TIME_TODO] WRITTEN_HTTP_RESPONSE
